<?xml version="1.0" encoding="UTF-8"?>
<testsuite xmlns:xsi="http://www.w3.org/2001/XMLSchema-instance" xsi:noNamespaceSchemaLocation="https://maven.apache.org/surefire/maven-surefire-plugin/xsd/surefire-test-report-3.0.xsd" version="3.0" name="org.example.JavaTaigaCode.controllers.FoundWorkControllerTest" time="0.661" tests="1" errors="0" skipped="0" failures="0">
  <properties>
[...]
</properties>
  <testcase name="getFoundWorkByID_ShouldReturnFoundWorkList" classname="org.example.JavaTaigaCode.controllers.FoundWorkControllerTest" time="0.069">
    <system-out><![CDATA[2024-03-24T15:47:34.320-07:00  INFO 384 --- [           main] t.c.s.AnnotationConfigContextLoaderUtils : Could not detect default configuration classes for test class [org.example.JavaTaigaCode.controllers.FoundWorkControllerTest]: FoundWorkControllerTest does not declare any static, non-private, non-final, nested classes annotated with @Configuration.
2024-03-24T15:47:34.328-07:00  INFO 384 --- [           main] .b.t.c.SpringBootTestContextBootstrapper : Found @SpringBootConfiguration org.example.JavaTaigaCode.Main for test class org.example.JavaTaigaCode.controllers.FoundWorkControllerTest

  .   ____          _            __ _ _
 /\\ / ___'_ __ _ _(_)_ __  __ _ \ \ \ \
( ( )\___ | '_ | '_| | '_ \/ _` | \ \ \ \
 \\/  ___)| |_)| | | | | || (_| |  ) ) ) )
  '  |____| .__|_| |_|_| |_\__, | / / / /
 =========|_|==============|___/=/_/_/_/
 :: Spring Boot ::                (v3.2.2)

2024-03-24T15:47:34.361-07:00  INFO 384 --- [           main] o.e.J.c.FoundWorkControllerTest          : Starting FoundWorkControllerTest using Java 17.0.10 with PID 384 (started by pradn in D:\Course_Materials\Agile\Project\SER516-Team-Denver)
2024-03-24T15:47:34.361-07:00  INFO 384 --- [           main] o.e.J.c.FoundWorkControllerTest          : No active profile set, falling back to 1 default profile: "default"
2024-03-24T15:47:34.756-07:00  INFO 384 --- [           main] o.s.b.a.w.s.WelcomePageHandlerMapping    : Adding welcome page: class path resource [public/index.html]
2024-03-24T15:47:34.886-07:00  INFO 384 --- [           main] o.s.b.t.m.w.SpringBootMockServletContext : Initializing Spring TestDispatcherServlet ''
2024-03-24T15:47:34.886-07:00  INFO 384 --- [           main] o.s.t.web.servlet.TestDispatcherServlet  : Initializing Servlet ''
2024-03-24T15:47:34.887-07:00  INFO 384 --- [           main] o.s.t.web.servlet.TestDispatcherServlet  : Completed initialization in 1 ms
2024-03-24T15:47:34.898-07:00  INFO 384 --- [           main] o.e.J.c.FoundWorkControllerTest          : Started FoundWorkControllerTest in 0.566 seconds (process running for 7.621)
]]></system-out>
  </testcase>
</testsuite>